<?xml version="1.0" encoding="UTF-8"?>
<!-- Generated by org.testng.reporters.JUnitReportReporter -->
<testsuite hostname="Paribesh-Surface-Pro" failures="0" tests="2" name="TestCases.TestLoginPage" time="16.435" errors="0" timestamp="2025-03-24T13:34:53 AEDT" skipped="0">
  <testcase classname="TestCases.TestLoginPage" name="testValidLogin" time="8.263"/>
  <system-out/>
  <testcase classname="TestCases.TestLoginPage" name="testInvalidLogin" time="8.172"/>
  <system-out/>
</testsuite> <!-- TestCases.TestLoginPage -->
