<?xml version="1.0" encoding="UTF-8"?>
<!-- Generated by org.testng.reporters.JUnitReportReporter -->
<testsuite hostname="Paribesh-Surface-Pro" failures="0" tests="2" name="TestCases.TestLoginPage" time="16.541" errors="0" timestamp="2025-03-24T14:10:19 AEDT" skipped="0">
  <testcase classname="TestCases.TestLoginPage" name="testValidLogin" time="6.694"/>
  <system-out/>
  <testcase classname="TestCases.TestLoginPage" name="testInvalidLogin" time="9.847"/>
  <system-out/>
</testsuite> <!-- TestCases.TestLoginPage -->
